98.02.05 23:16 B C:\EDTW\NCKUMC\BIOCHEM\LSN\FONTPALI\aa-c-bol.gif --> nt.med.ncku.edu.tw c:\web\WEB\BIOCHEM\LSN\font-pali aa-c-bol.gif
98.02.05 23:16 B C:\EDTW\NCKUMC\BIOCHEM\LSN\FONTPALI\aa-c.gif --> nt.med.ncku.edu.tw c:\web\WEB\BIOCHEM\LSN\font-pali aa-c.gif
98.02.05 23:16 B C:\EDTW\NCKUMC\BIOCHEM\LSN\FONTPALI\aa-o-c-b.gif --> nt.med.ncku.edu.tw c:\web\WEB\BIOCHEM\LSN\font-pali aa-o-c-b.gif
98.02.05 23:16 B C:\EDTW\NCKUMC\BIOCHEM\LSN\FONTPALI\aa-old-b.gif --> nt.med.ncku.edu.tw c:\web\WEB\BIOCHEM\LSN\font-pali aa-old-b.gif
98.02.05 23:16 B C:\EDTW\NCKUMC\BIOCHEM\LSN\FONTPALI\aa-old-c.gif --> nt.med.ncku.edu.tw c:\web\WEB\BIOCHEM\LSN\font-pali aa-old-c.gif
98.02.05 23:16 B C:\EDTW\NCKUMC\BIOCHEM\LSN\FONTPALI\aa-old.gif --> nt.med.ncku.edu.tw c:\web\WEB\BIOCHEM\LSN\font-pali aa-old.gif
98.02.05 23:16 B C:\EDTW\NCKUMC\BIOCHEM\LSN\FONTPALI\aa.gif --> nt.med.ncku.edu.tw c:\web\WEB\BIOCHEM\LSN\font-pali aa.gif
98.02.05 23:16 B C:\EDTW\NCKUMC\BIOCHEM\LSN\FONTPALI\d-bo-c-b.gif --> nt.med.ncku.edu.tw c:\web\WEB\BIOCHEM\LSN\font-pali d-bo-c-b.gif
98.02.05 23:16 B C:\EDTW\NCKUMC\BIOCHEM\LSN\FONTPALI\d-bott-c.gif --> nt.med.ncku.edu.tw c:\web\WEB\BIOCHEM\LSN\font-pali d-bott-c.gif
98.02.05 23:16 B C:\EDTW\NCKUMC\BIOCHEM\LSN\FONTPALI\d-bottom.gif --> nt.med.ncku.edu.tw c:\web\WEB\BIOCHEM\LSN\font-pali d-bottom.gif
98.02.05 23:16 B C:\EDTW\NCKUMC\BIOCHEM\LSN\FONTPALI\h-bo-c-b.gif --> nt.med.ncku.edu.tw c:\web\WEB\BIOCHEM\LSN\font-pali h-bo-c-b.gif
98.02.05 23:16 B C:\EDTW\NCKUMC\BIOCHEM\LSN\FONTPALI\h-bott-c.gif --> nt.med.ncku.edu.tw c:\web\WEB\BIOCHEM\LSN\font-pali h-bott-c.gif
98.02.05 23:16 B C:\EDTW\NCKUMC\BIOCHEM\LSN\FONTPALI\h-bottom.gif --> nt.med.ncku.edu.tw c:\web\WEB\BIOCHEM\LSN\font-pali h-bottom.gif
98.02.05 23:16 B C:\EDTW\NCKUMC\BIOCHEM\LSN\FONTPALI\ii-c.gif --> nt.med.ncku.edu.tw c:\web\WEB\BIOCHEM\LSN\font-pali ii-c.gif
98.02.05 23:16 B C:\EDTW\NCKUMC\BIOCHEM\LSN\FONTPALI\ii-o-c-b.gif --> nt.med.ncku.edu.tw c:\web\WEB\BIOCHEM\LSN\font-pali ii-o-c-b.gif
98.02.05 23:16 B C:\EDTW\NCKUMC\BIOCHEM\LSN\FONTPALI\ii-old.gif --> nt.med.ncku.edu.tw c:\web\WEB\BIOCHEM\LSN\font-pali ii-old.gif
98.02.05 23:16 B C:\EDTW\NCKUMC\BIOCHEM\LSN\FONTPALI\ii.gif --> nt.med.ncku.edu.tw c:\web\WEB\BIOCHEM\LSN\font-pali ii.gif
98.02.05 23:16 B C:\EDTW\NCKUMC\BIOCHEM\LSN\FONTPALI\l-bo-c-b.gif --> nt.med.ncku.edu.tw c:\web\WEB\BIOCHEM\LSN\font-pali l-bo-c-b.gif
98.02.05 23:16 B C:\EDTW\NCKUMC\BIOCHEM\LSN\FONTPALI\l-bott-c.gif --> nt.med.ncku.edu.tw c:\web\WEB\BIOCHEM\LSN\font-pali l-bott-c.gif
98.02.05 23:16 B C:\EDTW\NCKUMC\BIOCHEM\LSN\FONTPALI\l-bottom.gif --> nt.med.ncku.edu.tw c:\web\WEB\BIOCHEM\LSN\font-pali l-bottom.gif
98.02.05 23:16 B C:\EDTW\NCKUMC\BIOCHEM\LSN\FONTPALI\m-bo-c-b.gif --> nt.med.ncku.edu.tw c:\web\WEB\BIOCHEM\LSN\font-pali m-bo-c-b.gif
98.02.05 23:16 B C:\EDTW\NCKUMC\BIOCHEM\LSN\FONTPALI\m-bott-c.gif --> nt.med.ncku.edu.tw c:\web\WEB\BIOCHEM\LSN\font-pali m-bott-c.gif
98.02.05 23:16 B C:\EDTW\NCKUMC\BIOCHEM\LSN\FONTPALI\m-bottom.gif --> nt.med.ncku.edu.tw c:\web\WEB\BIOCHEM\LSN\font-pali m-bottom.gif
98.02.05 23:16 B C:\EDTW\NCKUMC\BIOCHEM\LSN\FONTPALI\n-bo-c-b.gif --> nt.med.ncku.edu.tw c:\web\WEB\BIOCHEM\LSN\font-pali n-bo-c-b.gif
98.02.05 23:16 B C:\EDTW\NCKUMC\BIOCHEM\LSN\FONTPALI\n-bott-c.gif --> nt.med.ncku.edu.tw c:\web\WEB\BIOCHEM\LSN\font-pali n-bott-c.gif
98.02.05 23:16 B C:\EDTW\NCKUMC\BIOCHEM\LSN\FONTPALI\n-bottom.gif --> nt.med.ncku.edu.tw c:\web\WEB\BIOCHEM\LSN\font-pali n-bottom.gif
98.02.05 23:16 B C:\EDTW\NCKUMC\BIOCHEM\LSN\FONTPALI\n-to-c-b.gif --> nt.med.ncku.edu.tw c:\web\WEB\BIOCHEM\LSN\font-pali n-to-c-b.gif
98.02.05 23:16 B C:\EDTW\NCKUMC\BIOCHEM\LSN\FONTPALI\n-top-c.gif --> nt.med.ncku.edu.tw c:\web\WEB\BIOCHEM\LSN\font-pali n-top-c.gif
98.02.05 23:16 B C:\EDTW\NCKUMC\BIOCHEM\LSN\FONTPALI\n-top.gif --> nt.med.ncku.edu.tw c:\web\WEB\BIOCHEM\LSN\font-pali n-top.gif
98.02.05 23:16 B C:\EDTW\NCKUMC\BIOCHEM\LSN\FONTPALI\n-worm-c.gif --> nt.med.ncku.edu.tw c:\web\WEB\BIOCHEM\LSN\font-pali n-worm-c.gif
98.02.05 23:16 B C:\EDTW\NCKUMC\BIOCHEM\LSN\FONTPALI\n-worm.gif --> nt.med.ncku.edu.tw c:\web\WEB\BIOCHEM\LSN\font-pali n-worm.gif
98.02.05 23:16 B C:\EDTW\NCKUMC\BIOCHEM\LSN\FONTPALI\n-wr-c-b.gif --> nt.med.ncku.edu.tw c:\web\WEB\BIOCHEM\LSN\font-pali n-wr-c-b.gif
98.02.05 23:16 B C:\EDTW\NCKUMC\BIOCHEM\LSN\FONTPALI\quote.gif --> nt.med.ncku.edu.tw c:\web\WEB\BIOCHEM\LSN\font-pali quote.gif
98.02.05 23:16 B C:\EDTW\NCKUMC\BIOCHEM\LSN\FONTPALI\r-bo-c-b.gif --> nt.med.ncku.edu.tw c:\web\WEB\BIOCHEM\LSN\font-pali r-bo-c-b.gif
98.02.05 23:16 B C:\EDTW\NCKUMC\BIOCHEM\LSN\FONTPALI\r-bott-c.gif --> nt.med.ncku.edu.tw c:\web\WEB\BIOCHEM\LSN\font-pali r-bott-c.gif
98.02.05 23:16 B C:\EDTW\NCKUMC\BIOCHEM\LSN\FONTPALI\r-bottom.gif --> nt.med.ncku.edu.tw c:\web\WEB\BIOCHEM\LSN\font-pali r-bottom.gif
98.02.05 23:16 B C:\EDTW\NCKUMC\BIOCHEM\LSN\FONTPALI\r-to-boc.gif --> nt.med.ncku.edu.tw c:\web\WEB\BIOCHEM\LSN\font-pali r-to-boc.gif
98.02.05 23:16 B C:\EDTW\NCKUMC\BIOCHEM\LSN\FONTPALI\r-top-c.gif --> nt.med.ncku.edu.tw c:\web\WEB\BIOCHEM\LSN\font-pali r-top-c.gif
98.02.05 23:16 B C:\EDTW\NCKUMC\BIOCHEM\LSN\FONTPALI\r-top.gif --> nt.med.ncku.edu.tw c:\web\WEB\BIOCHEM\LSN\font-pali r-top.gif
98.02.05 23:16 B C:\EDTW\NCKUMC\BIOCHEM\LSN\FONTPALI\s-bott-c.gif --> nt.med.ncku.edu.tw c:\web\WEB\BIOCHEM\LSN\font-pali s-bott-c.gif
98.02.05 23:16 B C:\EDTW\NCKUMC\BIOCHEM\LSN\FONTPALI\s-bottom.gif --> nt.med.ncku.edu.tw c:\web\WEB\BIOCHEM\LSN\font-pali s-bottom.gif
98.02.05 23:16 B C:\EDTW\NCKUMC\BIOCHEM\LSN\FONTPALI\s-slas-c.gif --> nt.med.ncku.edu.tw c:\web\WEB\BIOCHEM\LSN\font-pali s-slas-c.gif
98.02.05 23:16 B C:\EDTW\NCKUMC\BIOCHEM\LSN\FONTPALI\s-slash.gif --> nt.med.ncku.edu.tw c:\web\WEB\BIOCHEM\LSN\font-pali s-slash.gif
98.02.05 23:16 B C:\EDTW\NCKUMC\BIOCHEM\LSN\FONTPALI\t-bott-c.gif --> nt.med.ncku.edu.tw c:\web\WEB\BIOCHEM\LSN\font-pali t-bott-c.gif
98.02.05 23:16 B C:\EDTW\NCKUMC\BIOCHEM\LSN\FONTPALI\t-bottom.gif --> nt.med.ncku.edu.tw c:\web\WEB\BIOCHEM\LSN\font-pali t-bottom.gif
98.02.05 23:16 B C:\EDTW\NCKUMC\BIOCHEM\LSN\FONTPALI\uu-c.gif --> nt.med.ncku.edu.tw c:\web\WEB\BIOCHEM\LSN\font-pali uu-c.gif
98.02.05 23:16 B C:\EDTW\NCKUMC\BIOCHEM\LSN\FONTPALI\uu-old-b.gif --> nt.med.ncku.edu.tw c:\web\WEB\BIOCHEM\LSN\font-pali uu-old-b.gif
98.02.05 23:16 B C:\EDTW\NCKUMC\BIOCHEM\LSN\FONTPALI\uu-old.gif --> nt.med.ncku.edu.tw c:\web\WEB\BIOCHEM\LSN\font-pali uu-old.gif
98.02.05 23:16 B C:\EDTW\NCKUMC\BIOCHEM\LSN\FONTPALI\uu.gif --> nt.med.ncku.edu.tw c:\web\WEB\BIOCHEM\LSN\font-pali uu.gif
98.02.11 00:15 B C:\EDTW\NCKUMC\BIOCHEM\LSN\ROMEFONT\aa-c-bol.gif --> sparc6.cc.ncku.edu.tw /home/users2/lausinan/romefont aa-c-bol.gif
98.02.11 00:15 B C:\EDTW\NCKUMC\BIOCHEM\LSN\ROMEFONT\aa-c.gif --> sparc6.cc.ncku.edu.tw /home/users2/lausinan/romefont aa-c.gif
98.02.11 00:15 B C:\EDTW\NCKUMC\BIOCHEM\LSN\ROMEFONT\aa-o-c-b.gif --> sparc6.cc.ncku.edu.tw /home/users2/lausinan/romefont aa-o-c-b.gif
98.02.11 00:15 B C:\EDTW\NCKUMC\BIOCHEM\LSN\ROMEFONT\aa-old-b.gif --> sparc6.cc.ncku.edu.tw /home/users2/lausinan/romefont aa-old-b.gif
98.02.11 00:15 B C:\EDTW\NCKUMC\BIOCHEM\LSN\ROMEFONT\aa-old-c.gif --> sparc6.cc.ncku.edu.tw /home/users2/lausinan/romefont aa-old-c.gif
98.02.11 00:15 B C:\EDTW\NCKUMC\BIOCHEM\LSN\ROMEFONT\aa-old.gif --> sparc6.cc.ncku.edu.tw /home/users2/lausinan/romefont aa-old.gif
98.02.11 00:15 B C:\EDTW\NCKUMC\BIOCHEM\LSN\ROMEFONT\aa.gif --> sparc6.cc.ncku.edu.tw /home/users2/lausinan/romefont aa.gif
98.02.11 00:15 B C:\EDTW\NCKUMC\BIOCHEM\LSN\ROMEFONT\d-bo-c-b.gif --> sparc6.cc.ncku.edu.tw /home/users2/lausinan/romefont d-bo-c-b.gif
98.02.11 00:15 B C:\EDTW\NCKUMC\BIOCHEM\LSN\ROMEFONT\d-bott-c.gif --> sparc6.cc.ncku.edu.tw /home/users2/lausinan/romefont d-bott-c.gif
98.02.11 00:15 B C:\EDTW\NCKUMC\BIOCHEM\LSN\ROMEFONT\d-bottom.gif --> sparc6.cc.ncku.edu.tw /home/users2/lausinan/romefont d-bottom.gif
98.02.11 00:15 B C:\EDTW\NCKUMC\BIOCHEM\LSN\ROMEFONT\h-bo-c-b.gif --> sparc6.cc.ncku.edu.tw /home/users2/lausinan/romefont h-bo-c-b.gif
98.02.11 00:15 B C:\EDTW\NCKUMC\BIOCHEM\LSN\ROMEFONT\h-bott-c.gif --> sparc6.cc.ncku.edu.tw /home/users2/lausinan/romefont h-bott-c.gif
98.02.11 00:15 B C:\EDTW\NCKUMC\BIOCHEM\LSN\ROMEFONT\h-bottom.gif --> sparc6.cc.ncku.edu.tw /home/users2/lausinan/romefont h-bottom.gif
98.02.11 00:15 B C:\EDTW\NCKUMC\BIOCHEM\LSN\ROMEFONT\ii-c.gif --> sparc6.cc.ncku.edu.tw /home/users2/lausinan/romefont ii-c.gif
98.02.11 00:15 B C:\EDTW\NCKUMC\BIOCHEM\LSN\ROMEFONT\ii-o-c-b.gif --> sparc6.cc.ncku.edu.tw /home/users2/lausinan/romefont ii-o-c-b.gif
98.02.11 00:15 B C:\EDTW\NCKUMC\BIOCHEM\LSN\ROMEFONT\ii-old.gif --> sparc6.cc.ncku.edu.tw /home/users2/lausinan/romefont ii-old.gif
98.02.11 00:15 B C:\EDTW\NCKUMC\BIOCHEM\LSN\ROMEFONT\ii.gif --> sparc6.cc.ncku.edu.tw /home/users2/lausinan/romefont ii.gif
98.02.11 00:15 B C:\EDTW\NCKUMC\BIOCHEM\LSN\ROMEFONT\l-bo-c-b.gif --> sparc6.cc.ncku.edu.tw /home/users2/lausinan/romefont l-bo-c-b.gif
98.02.11 00:15 B C:\EDTW\NCKUMC\BIOCHEM\LSN\ROMEFONT\l-bott-c.gif --> sparc6.cc.ncku.edu.tw /home/users2/lausinan/romefont l-bott-c.gif
98.02.11 00:15 B C:\EDTW\NCKUMC\BIOCHEM\LSN\ROMEFONT\l-bottom.gif --> sparc6.cc.ncku.edu.tw /home/users2/lausinan/romefont l-bottom.gif
98.02.11 00:16 B C:\EDTW\NCKUMC\BIOCHEM\LSN\ROMEFONT\m-bo-c-b.gif --> sparc6.cc.ncku.edu.tw /home/users2/lausinan/romefont m-bo-c-b.gif
98.02.11 00:16 B C:\EDTW\NCKUMC\BIOCHEM\LSN\ROMEFONT\m-bott-c.gif --> sparc6.cc.ncku.edu.tw /home/users2/lausinan/romefont m-bott-c.gif
98.02.11 00:16 B C:\EDTW\NCKUMC\BIOCHEM\LSN\ROMEFONT\m-bottom.gif --> sparc6.cc.ncku.edu.tw /home/users2/lausinan/romefont m-bottom.gif
98.02.11 00:16 B C:\EDTW\NCKUMC\BIOCHEM\LSN\ROMEFONT\n-bo-c-b.gif --> sparc6.cc.ncku.edu.tw /home/users2/lausinan/romefont n-bo-c-b.gif
98.02.11 00:16 B C:\EDTW\NCKUMC\BIOCHEM\LSN\ROMEFONT\n-bott-c.gif --> sparc6.cc.ncku.edu.tw /home/users2/lausinan/romefont n-bott-c.gif
98.02.11 00:16 B C:\EDTW\NCKUMC\BIOCHEM\LSN\ROMEFONT\n-bottom.gif --> sparc6.cc.ncku.edu.tw /home/users2/lausinan/romefont n-bottom.gif
98.02.11 00:16 B C:\EDTW\NCKUMC\BIOCHEM\LSN\ROMEFONT\n-to-c-b.gif --> sparc6.cc.ncku.edu.tw /home/users2/lausinan/romefont n-to-c-b.gif
98.02.11 00:16 B C:\EDTW\NCKUMC\BIOCHEM\LSN\ROMEFONT\n-top-c.gif --> sparc6.cc.ncku.edu.tw /home/users2/lausinan/romefont n-top-c.gif
98.02.11 00:16 B C:\EDTW\NCKUMC\BIOCHEM\LSN\ROMEFONT\n-top.gif --> sparc6.cc.ncku.edu.tw /home/users2/lausinan/romefont n-top.gif
98.02.11 00:16 B C:\EDTW\NCKUMC\BIOCHEM\LSN\ROMEFONT\n-worm-c.gif --> sparc6.cc.ncku.edu.tw /home/users2/lausinan/romefont n-worm-c.gif
98.02.11 00:16 B C:\EDTW\NCKUMC\BIOCHEM\LSN\ROMEFONT\n-worm.gif --> sparc6.cc.ncku.edu.tw /home/users2/lausinan/romefont n-worm.gif
98.02.11 00:16 B C:\EDTW\NCKUMC\BIOCHEM\LSN\ROMEFONT\n-wr-c-b.gif --> sparc6.cc.ncku.edu.tw /home/users2/lausinan/romefont n-wr-c-b.gif
98.02.11 00:16 B C:\EDTW\NCKUMC\BIOCHEM\LSN\ROMEFONT\quote.gif --> sparc6.cc.ncku.edu.tw /home/users2/lausinan/romefont quote.gif
98.02.11 00:16 B C:\EDTW\NCKUMC\BIOCHEM\LSN\ROMEFONT\r-bo-c-b.gif --> sparc6.cc.ncku.edu.tw /home/users2/lausinan/romefont r-bo-c-b.gif
98.02.11 00:16 B C:\EDTW\NCKUMC\BIOCHEM\LSN\ROMEFONT\r-bott-c.gif --> sparc6.cc.ncku.edu.tw /home/users2/lausinan/romefont r-bott-c.gif
98.02.11 00:16 B C:\EDTW\NCKUMC\BIOCHEM\LSN\ROMEFONT\r-bottom.gif --> sparc6.cc.ncku.edu.tw /home/users2/lausinan/romefont r-bottom.gif
98.02.11 00:16 B C:\EDTW\NCKUMC\BIOCHEM\LSN\ROMEFONT\r-to-boc.gif --> sparc6.cc.ncku.edu.tw /home/users2/lausinan/romefont r-to-boc.gif
98.02.11 00:16 B C:\EDTW\NCKUMC\BIOCHEM\LSN\ROMEFONT\r-top-c.gif --> sparc6.cc.ncku.edu.tw /home/users2/lausinan/romefont r-top-c.gif
98.02.11 00:16 B C:\EDTW\NCKUMC\BIOCHEM\LSN\ROMEFONT\r-top.gif --> sparc6.cc.ncku.edu.tw /home/users2/lausinan/romefont r-top.gif
98.02.11 00:16 B C:\EDTW\NCKUMC\BIOCHEM\LSN\ROMEFONT\s-bott-c.gif --> sparc6.cc.ncku.edu.tw /home/users2/lausinan/romefont s-bott-c.gif
98.02.11 00:16 B C:\EDTW\NCKUMC\BIOCHEM\LSN\ROMEFONT\s-bottom.gif --> sparc6.cc.ncku.edu.tw /home/users2/lausinan/romefont s-bottom.gif
98.02.11 00:16 B C:\EDTW\NCKUMC\BIOCHEM\LSN\ROMEFONT\s-slas-c.gif --> sparc6.cc.ncku.edu.tw /home/users2/lausinan/romefont s-slas-c.gif
98.02.11 00:16 B C:\EDTW\NCKUMC\BIOCHEM\LSN\ROMEFONT\s-slash.gif --> sparc6.cc.ncku.edu.tw /home/users2/lausinan/romefont s-slash.gif
98.02.11 00:16 B C:\EDTW\NCKUMC\BIOCHEM\LSN\ROMEFONT\t-bott-c.gif --> sparc6.cc.ncku.edu.tw /home/users2/lausinan/romefont t-bott-c.gif
98.02.11 00:16 B C:\EDTW\NCKUMC\BIOCHEM\LSN\ROMEFONT\t-bottom.gif --> sparc6.cc.ncku.edu.tw /home/users2/lausinan/romefont t-bottom.gif
98.02.11 00:16 B C:\EDTW\NCKUMC\BIOCHEM\LSN\ROMEFONT\uu-c.gif --> sparc6.cc.ncku.edu.tw /home/users2/lausinan/romefont uu-c.gif
98.02.11 00:16 B C:\EDTW\NCKUMC\BIOCHEM\LSN\ROMEFONT\uu-old-b.gif --> sparc6.cc.ncku.edu.tw /home/users2/lausinan/romefont uu-old-b.gif
98.02.11 00:16 B C:\EDTW\NCKUMC\BIOCHEM\LSN\ROMEFONT\uu-old.gif --> sparc6.cc.ncku.edu.tw /home/users2/lausinan/romefont uu-old.gif
98.02.11 00:16 B C:\EDTW\NCKUMC\BIOCHEM\LSN\ROMEFONT\uu.gif --> sparc6.cc.ncku.edu.tw /home/users2/lausinan/romefont uu.gif
