100.06.25 21:13 A E:\EDTW\NCKUMC\BIOCHEM\LSN\demo\ananda-a.htm <-- SPARC-NCKU /home/users2/lausinan/demo ananda-a.htm
100.06.25 21:13 A E:\EDTW\NCKUMC\BIOCHEM\LSN\demo\ananda.htm <-- SPARC-NCKU /home/users2/lausinan/demo ananda.htm
100.06.25 21:13 A E:\EDTW\NCKUMC\BIOCHEM\LSN\demo\sangha.htm <-- SPARC-NCKU /home/users2/lausinan/demo sangha.htm
100.06.25 21:13 A E:\EDTW\NCKUMC\BIOCHEM\LSN\demo\thus.htm <-- SPARC-NCKU /home/users2/lausinan/demo thus.htm
100.06.25 21:13 A E:\EDTW\NCKUMC\BIOCHEM\LSN\demo\uaj-pra.htm <-- SPARC-NCKU /home/users2/lausinan/demo uaj-pra.htm
100.06.25 21:13 A E:\EDTW\NCKUMC\BIOCHEM\LSN\demo\uaj-pra1.htm <-- SPARC-NCKU /home/users2/lausinan/demo uaj-pra1.htm
100.06.25 21:13 A E:\EDTW\NCKUMC\BIOCHEM\LSN\demo\uaj-pra2.htm <-- SPARC-NCKU /home/users2/lausinan/demo uaj-pra2.htm
100.06.25 21:13 A E:\EDTW\NCKUMC\BIOCHEM\LSN\demo\uajprdem.htm <-- SPARC-NCKU /home/users2/lausinan/demo uajprdem.htm
100.06.25 21:13 A E:\EDTW\NCKUMC\BIOCHEM\LSN\demo\upasaka.htm <-- SPARC-NCKU /home/users2/lausinan/demo upasaka.htm
100.06.25 22:16 A E:\EDTW\NCKUMC\BIOCHEM\LSN\demo\ananda-a.htm --> sparc1.cc.ncku.edu.tw /home/users2/lausinan/demo ananda-a.htm
100.06.25 22:16 A E:\EDTW\NCKUMC\BIOCHEM\LSN\demo\ananda.htm --> sparc1.cc.ncku.edu.tw /home/users2/lausinan/demo ananda.htm
100.06.25 22:16 A E:\EDTW\NCKUMC\BIOCHEM\LSN\demo\sangha.htm --> sparc1.cc.ncku.edu.tw /home/users2/lausinan/demo sangha.htm
100.06.25 22:16 A E:\EDTW\NCKUMC\BIOCHEM\LSN\demo\thus.htm --> sparc1.cc.ncku.edu.tw /home/users2/lausinan/demo thus.htm
100.06.25 22:16 A E:\EDTW\NCKUMC\BIOCHEM\LSN\demo\uaj-pra.htm --> sparc1.cc.ncku.edu.tw /home/users2/lausinan/demo uaj-pra.htm
100.06.25 22:16 A E:\EDTW\NCKUMC\BIOCHEM\LSN\demo\uaj-pra1.htm --> sparc1.cc.ncku.edu.tw /home/users2/lausinan/demo uaj-pra1.htm
100.06.25 22:16 A E:\EDTW\NCKUMC\BIOCHEM\LSN\demo\uaj-pra2.htm --> sparc1.cc.ncku.edu.tw /home/users2/lausinan/demo uaj-pra2.htm
100.06.25 22:16 A E:\EDTW\NCKUMC\BIOCHEM\LSN\demo\uajprdem.htm --> sparc1.cc.ncku.edu.tw /home/users2/lausinan/demo uajprdem.htm
100.06.25 22:16 A E:\EDTW\NCKUMC\BIOCHEM\LSN\demo\upasaka.htm --> sparc1.cc.ncku.edu.tw /home/users2/lausinan/demo upasaka.htm
100.06.25 22:30 A E:\EDTW\NCKUMC\BIOCHEM\LSN\demo\sangha.htm --> sparc1.cc.ncku.edu.tw /home/users2/lausinan sangha.htm
100.06.25 22:30 A E:\EDTW\NCKUMC\BIOCHEM\LSN\demo\upasaka.htm --> sparc1.cc.ncku.edu.tw /home/users2/lausinan upasaka.htm
100.06.25 22:31 A E:\EDTW\NCKUMC\BIOCHEM\LSN\demo\sangha.htm --> sparc1.cc.ncku.edu.tw /home/users2/lausinan sangha.htm
100.06.25 22:31 A E:\EDTW\NCKUMC\BIOCHEM\LSN\demo\upasaka.htm --> sparc1.cc.ncku.edu.tw /home/users2/lausinan upasaka.htm
